# JRE version: OpenJDK Runtime Environment (8.0_181-b15) (build 1.8.0_181-b15)
# Java VM: OpenJDK 64-Bit Server VM (25.181-b15 mixed mode linux-amd64 compressed oops)
Heap:
 PSYoungGen      total 101888K, used 3554K [0x00000000e0f00000, 0x00000000e7600000, 0x0000000100000000)
  eden space 98304K, 0% used [0x00000000e0f00000,0x00000000e0f00000,0x00000000e6f00000)
  from space 3584K, 99% used [0x00000000e6f00000,0x00000000e7278880,0x00000000e7280000)
  to   space 3584K, 0% used [0x00000000e7280000,0x00000000e7280000,0x00000000e7600000)
 ParOldGen       total 64512K, used 10631K [0x00000000a2c00000, 0x00000000a6b00000, 0x00000000e0f00000)
  object space 64512K, 16% used [0x00000000a2c00000,0x00000000a3661c98,0x00000000a6b00000)
 Metaspace       used 20055K, capacity 21166K, committed 21248K, reserved 1069056K
  class space    used 2303K, capacity 2539K, committed 2560K, reserved 1048576K
GC Heap History (9 events):
Event: 2.270 GC heap before
{Heap before GC invocations=1 (full 0):
 PSYoungGen      total 28160K, used 24576K [0x00000000e0f00000, 0x00000000e2e00000, 0x0000000100000000)
  eden space 24576K, 100% used [0x00000000e0f00000,0x00000000e2700000,0x00000000e2700000)
  from space 3584K, 0% used [0x00000000e2a80000,0x00000000e2a80000,0x00000000e2e00000)
  to   space 3584K, 0% used [0x00000000e2700000,0x00000000e2700000,0x00000000e2a80000)
 ParOldGen       total 64512K, used 0K [0x00000000a2c00000, 0x00000000a6b00000, 0x00000000e0f00000)
  object space 64512K, 0% used [0x00000000a2c00000,0x00000000a2c00000,0x00000000a6b00000)
 Metaspace       used 7852K, capacity 8158K, committed 8448K, reserved 1056768K
  class space    used 834K, capacity 941K, committed 1024K, reserved 1048576K
Event: 2.302 GC heap after
Heap after GC invocations=1 (full 0):
 PSYoungGen      total 28160K, used 3170K [0x00000000e0f00000, 0x00000000e4600000, 0x0000000100000000)
  eden space 24576K, 0% used [0x00000000e0f00000,0x00000000e0f00000,0x00000000e2700000)
  from space 3584K, 88% used [0x00000000e2700000,0x00000000e2a18820,0x00000000e2a80000)
  to   space 3584K, 0% used [0x00000000e4280000,0x00000000e4280000,0x00000000e4600000)
 ParOldGen       total 64512K, used 8K [0x00000000a2c00000, 0x00000000a6b00000, 0x00000000e0f00000)
  object space 64512K, 0% used [0x00000000a2c00000,0x00000000a2c02000,0x00000000a6b00000)
 Metaspace       used 7852K, capacity 8158K, committed 8448K, reserved 1056768K
  class space    used 834K, capacity 941K, committed 1024K, reserved 1048576K
}
Event: 3.293 GC heap before
{Heap before GC invocations=2 (full 0):
 PSYoungGen      total 28160K, used 27746K [0x00000000e0f00000, 0x00000000e4600000, 0x0000000100000000)
  eden space 24576K, 100% used [0x00000000e0f00000,0x00000000e2700000,0x00000000e2700000)
  from space 3584K, 88% used [0x00000000e2700000,0x00000000e2a18820,0x00000000e2a80000)
  to   space 3584K, 0% used [0x00000000e4280000,0x00000000e4280000,0x00000000e4600000)
 ParOldGen       total 64512K, used 8K [0x00000000a2c00000, 0x00000000a6b00000, 0x00000000e0f00000)
  object space 64512K, 0% used [0x00000000a2c00000,0x00000000a2c02000,0x00000000a6b00000)
 Metaspace       used 10194K, capacity 10890K, committed 11136K, reserved 1058816K
  class space    used 1177K, capacity 1346K, committed 1408K, reserved 1048576K
Event: 3.314 GC heap after
Heap after GC invocations=2 (full 0):
 PSYoungGen      total 52736K, used 3582K [0x00000000e0f00000, 0x00000000e4600000, 0x0000000100000000)
  eden space 49152K, 0% used [0x00000000e0f00000,0x00000000e0f00000,0x00000000e3f00000)
  from space 3584K, 99% used [0x00000000e4280000,0x00000000e45ff940,0x00000000e4600000)
  to   space 3584K, 0% used [0x00000000e3f00000,0x00000000e3f00000,0x00000000e4280000)
 ParOldGen       total 64512K, used 216K [0x00000000a2c00000, 0x00000000a6b00000, 0x00000000e0f00000)
  object space 64512K, 0% used [0x00000000a2c00000,0x00000000a2c363d8,0x00000000a6b00000)
 Metaspace       used 10194K, capacity 10890K, committed 11136K, reserved 1058816K
  class space    used 1177K, capacity 1346K, committed 1408K, reserved 1048576K
}
Event: 4.300 GC heap before
{Heap before GC invocations=3 (full 0):
 PSYoungGen      total 52736K, used 52734K [0x00000000e0f00000, 0x00000000e4600000, 0x0000000100000000)
  eden space 49152K, 100% used [0x00000000e0f00000,0x00000000e3f00000,0x00000000e3f00000)
  from space 3584K, 99% used [0x00000000e4280000,0x00000000e45ff940,0x00000000e4600000)
  to   space 3584K, 0% used [0x00000000e3f00000,0x00000000e3f00000,0x00000000e4280000)
 ParOldGen       total 64512K, used 216K [0x00000000a2c00000, 0x00000000a6b00000, 0x00000000e0f00000)
  object space 64512K, 0% used [0x00000000a2c00000,0x00000000a2c363d8,0x00000000a6b00000)
 Metaspace       used 14736K, capacity 15420K, committed 15616K, reserved 1062912K
  class space    used 1593K, capacity 1768K, committed 1792K, reserved 1048576K
Event: 4.320 GC heap after
Heap after GC invocations=3 (full 0):
 PSYoungGen      total 52736K, used 3560K [0x00000000e0f00000, 0x00000000e7600000, 0x0000000100000000)
  eden space 49152K, 0% used [0x00000000e0f00000,0x00000000e0f00000,0x00000000e3f00000)
  from space 3584K, 99% used [0x00000000e3f00000,0x00000000e427a2f8,0x00000000e4280000)
  to   space 3584K, 0% used [0x00000000e7280000,0x00000000e7280000,0x00000000e7600000)
 ParOldGen       total 64512K, used 3209K [0x00000000a2c00000, 0x00000000a6b00000, 0x00000000e0f00000)
  object space 64512K, 4% used [0x00000000a2c00000,0x00000000a2f22600,0x00000000a6b00000)
 Metaspace       used 14736K, capacity 15420K, committed 15616K, reserved 1062912K
  class space    used 1593K, capacity 1768K, committed 1792K, reserved 1048576K
}
Event: 5.896 GC heap before
{Heap before GC invocations=4 (full 0):
 PSYoungGen      total 52736K, used 52712K [0x00000000e0f00000, 0x00000000e7600000, 0x0000000100000000)
  eden space 49152K, 100% used [0x00000000e0f00000,0x00000000e3f00000,0x00000000e3f00000)
  from space 3584K, 99% used [0x00000000e3f00000,0x00000000e427a2f8,0x00000000e4280000)
  to   space 3584K, 0% used [0x00000000e7280000,0x00000000e7280000,0x00000000e7600000)
 ParOldGen       total 64512K, used 3209K [0x00000000a2c00000, 0x00000000a6b00000, 0x00000000e0f00000)
  object space 64512K, 4% used [0x00000000a2c00000,0x00000000a2f22600,0x00000000a6b00000)
 Metaspace       used 18365K, capacity 19400K, committed 19456K, reserved 1067008K
  class space    used 2051K, capacity 2282K, committed 2304K, reserved 1048576K
Event: 5.949 GC heap after
Heap after GC invocations=4 (full 0):
 PSYoungGen      total 101888K, used 3570K [0x00000000e0f00000, 0x00000000e7600000, 0x0000000100000000)
  eden space 98304K, 0% used [0x00000000e0f00000,0x00000000e0f00000,0x00000000e6f00000)
  from space 3584K, 99% used [0x00000000e7280000,0x00000000e75fc890,0x00000000e7600000)
  to   space 3584K, 0% used [0x00000000e6f00000,0x00000000e6f00000,0x00000000e7280000)
 ParOldGen       total 64512K, used 7376K [0x00000000a2c00000, 0x00000000a6b00000, 0x00000000e0f00000)
  object space 64512K, 11% used [0x00000000a2c00000,0x00000000a33341f8,0x00000000a6b00000)
 Metaspace       used 18365K, capacity 19400K, committed 19456K, reserved 1067008K
  class space    used 2051K, capacity 2282K, committed 2304K, reserved 1048576K
}
Event: 6.476 GC heap before
{Heap before GC invocations=5 (full 0):
 PSYoungGen      total 101888K, used 71845K [0x00000000e0f00000, 0x00000000e7600000, 0x0000000100000000)
  eden space 98304K, 69% used [0x00000000e0f00000,0x00000000e51acb90,0x00000000e6f00000)
  from space 3584K, 99% used [0x00000000e7280000,0x00000000e75fc890,0x00000000e7600000)
  to   space 3584K, 0% used [0x00000000e6f00000,0x00000000e6f00000,0x00000000e7280000)
 ParOldGen       total 64512K, used 7376K [0x00000000a2c00000, 0x00000000a6b00000, 0x00000000e0f00000)
  object space 64512K, 11% used [0x00000000a2c00000,0x00000000a33341f8,0x00000000a6b00000)
 Metaspace       used 20055K, capacity 21166K, committed 21248K, reserved 1069056K
  class space    used 2303K, capacity 2539K, committed 2560K, reserved 1048576K

